#
# There is insufficient memory for the Java Runtime Environment to continue.
# Native memory allocation (malloc) failed to allocate 961056 bytes for Chunk::new
# Possible reasons:
#   The system is out of physical RAM or swap space
#   The process is running with CompressedOops enabled, and the Java Heap may be blocking the growth of the native heap
# Possible solutions:
#   Reduce memory load on the system
#   Increase physical memory or swap space
#   Check if swap backing store is full
#   Decrease Java heap size (-Xmx/-Xms)
#   Decrease number of Java threads
#   Decrease Java thread stack sizes (-Xss)
#   Set larger code cache with -XX:ReservedCodeCacheSize=
#   JVM is running with Unscaled Compressed Oops mode in which the Java heap is
#     placed in the first 4GB address space. The Java Heap base address is the
#     maximum limit for the native heap growth. Please use -XX:HeapBaseMinAddress
#     to set the Java Heap base and to place the Java Heap above 4GB virtual address.
# This output file may be truncated or incomplete.
#
#  Out of Memory Error (allocation.cpp:389), pid=17128, tid=0x00000000000030dc
#
# JRE version: OpenJDK Runtime Environment (8.0_242-b01) (build 1.8.0_242-release-1644-b01)
# Java VM: OpenJDK 64-Bit Server VM (25.242-b01 mixed mode windows-amd64 compressed oops)
# Failed to write core dump. Minidumps are not enabled by default on client versions of Windows
#

---------------  T H R E A D  ---------------

Current thread (0x0000000019620800):  JavaThread "C2 CompilerThread0" daemon [_thread_in_native, id=12508, stack(0x0000000019ef0000,0x0000000019ff0000)]

Stack: [0x0000000019ef0000,0x0000000019ff0000]
[error occurred during error reporting (printing stack bounds), id 0xc0000005]

Native frames: (J=compiled Java code, j=interpreted, Vv=VM code, C=native code)


Current CompileTask:
C2: 184306 17189       4       org.gradle.internal.component.model.ComponentAttributeMatcher::match (259 bytes)


---------------  P R O C E S S  ---------------

Java Threads: ( => current thread )
  0x000000001ca02000 JavaThread "Cache worker for Build Output Cleanup Cache (C:\Users\johns\AndroidStudioProjects\MangMacs\.gradle\buildOutputCleanup)" [_thread_blocked, id=11448, stack(0x0000000028250000,0x0000000028350000)]
  0x000000001ca06000 JavaThread "jar transforms Thread 184" [_thread_blocked, id=19292, stack(0x0000000028150000,0x0000000028250000)]
  0x000000001ca08800 JavaThread "jar transforms Thread 183" [_thread_blocked, id=4904, stack(0x0000000028050000,0x0000000028150000)]
  0x000000001ca03000 JavaThread "jar transforms Thread 182" [_thread_blocked, id=18864, stack(0x0000000027f50000,0x0000000028050000)]
  0x000000001ca04800 JavaThread "jar transforms Thread 181" [_thread_blocked, id=12524, stack(0x0000000027e50000,0x0000000027f50000)]
  0x000000001ca03800 JavaThread "jar transforms Thread 180" [_thread_blocked, id=5768, stack(0x0000000027d50000,0x0000000027e50000)]
  0x000000001ca07800 JavaThread "jar transforms Thread 179" [_thread_blocked, id=3376, stack(0x0000000027c50000,0x0000000027d50000)]
  0x000000001ca05000 JavaThread "jar transforms Thread 178" [_thread_blocked, id=6856, stack(0x0000000027b50000,0x0000000027c50000)]
  0x000000001ca07000 JavaThread "jar transforms Thread 177" [_thread_blocked, id=6324, stack(0x0000000027a50000,0x0000000027b50000)]
  0x000000001c9fa800 JavaThread "jar transforms Thread 176" [_thread_blocked, id=15480, stack(0x0000000027950000,0x0000000027a50000)]
  0x000000001ca01800 JavaThread "jar transforms Thread 175" [_thread_blocked, id=12452, stack(0x0000000027850000,0x0000000027950000)]
  0x000000001c9fa000 JavaThread "jar transforms Thread 174" [_thread_blocked, id=11232, stack(0x0000000027750000,0x0000000027850000)]
  0x000000001c9fd800 JavaThread "jar transforms Thread 173" [_thread_blocked, id=18640, stack(0x0000000027650000,0x0000000027750000)]
  0x000000001c9fe800 JavaThread "jar transforms Thread 172" [_thread_blocked, id=13448, stack(0x0000000027550000,0x0000000027650000)]
  0x000000001ca00800 JavaThread "jar transforms Thread 171" [_thread_blocked, id=11244, stack(0x0000000027450000,0x0000000027550000)]
  0x000000001ca00000 JavaThread "jar transforms Thread 170" [_thread_blocked, id=12484, stack(0x0000000027350000,0x0000000027450000)]
  0x000000001c9f9000 JavaThread "jar transforms Thread 169" [_thread_blocked, id=17368, stack(0x0000000027250000,0x0000000027350000)]
  0x000000001c9fc000 JavaThread "jar transforms Thread 168" [_thread_blocked, id=13004, stack(0x0000000027150000,0x0000000027250000)]
  0x000000001c9ff000 JavaThread "jar transforms Thread 167" [_thread_blocked, id=15172, stack(0x0000000027050000,0x0000000027150000)]
  0x000000001c9fb800 JavaThread "jar transforms Thread 166" [_thread_blocked, id=5836, stack(0x0000000026f50000,0x0000000027050000)]
  0x000000001c9fd000 JavaThread "jar transforms Thread 165" [_thread_blocked, id=13788, stack(0x0000000026e50000,0x0000000026f50000)]
  0x000000001f608800 JavaThread "jar transforms Thread 164" [_thread_blocked, id=3080, stack(0x0000000026d50000,0x0000000026e50000)]
  0x000000001f609800 JavaThread "jar transforms Thread 163" [_thread_blocked, id=18232, stack(0x0000000026c50000,0x0000000026d50000)]
  0x000000001f606800 JavaThread "jar transforms Thread 162" [_thread_blocked, id=9204, stack(0x0000000026b50000,0x0000000026c50000)]
  0x000000001f605800 JavaThread "jar transforms Thread 161" [_thread_blocked, id=16592, stack(0x0000000026a50000,0x0000000026b50000)]
  0x000000001f60a000 JavaThread "jar transforms Thread 160" [_thread_blocked, id=2776, stack(0x0000000026950000,0x0000000026a50000)]
  0x000000001f608000 JavaThread "jar transforms Thread 159" [_thread_blocked, id=1660, stack(0x0000000026850000,0x0000000026950000)]
  0x000000001f605000 JavaThread "jar transforms Thread 158" [_thread_blocked, id=9476, stack(0x0000000026750000,0x0000000026850000)]
  0x000000001f607000 JavaThread "jar transforms Thread 157" [_thread_blocked, id=5504, stack(0x0000000026650000,0x0000000026750000)]
  0x000000001f604000 JavaThread "jar transforms Thread 156" [_thread_blocked, id=15456, stack(0x0000000026550000,0x0000000026650000)]
  0x000000001f5fc800 JavaThread "jar transforms Thread 155" [_thread_blocked, id=12264, stack(0x0000000026450000,0x0000000026550000)]
  0x000000001f5fd800 JavaThread "jar transforms Thread 154" [_thread_blocked, id=15664, stack(0x0000000026350000,0x0000000026450000)]
  0x000000001f603800 JavaThread "jar transforms Thread 153" [_thread_blocked, id=11680, stack(0x0000000026250000,0x0000000026350000)]
  0x000000001f5fc000 JavaThread "jar transforms Thread 152" [_thread_blocked, id=2896, stack(0x0000000026150000,0x0000000026250000)]
  0x000000001f602800 JavaThread "jar transforms Thread 151" [_thread_blocked, id=8632, stack(0x0000000026050000,0x0000000026150000)]
  0x000000001f5fb000 JavaThread "jar transforms Thread 150" [_thread_blocked, id=2636, stack(0x0000000025f50000,0x0000000026050000)]
  0x000000001f602000 JavaThread "jar transforms Thread 149" [_thread_blocked, id=12724, stack(0x0000000025e50000,0x0000000025f50000)]
  0x000000001f601000 JavaThread "jar transforms Thread 148" [_thread_blocked, id=13900, stack(0x0000000025d50000,0x0000000025e50000)]
  0x000000001f5fe000 JavaThread "jar transforms Thread 147" [_thread_blocked, id=5372, stack(0x0000000025c50000,0x0000000025d50000)]
  0x000000001f600800 JavaThread "jar transforms Thread 146" [_thread_blocked, id=10748, stack(0x0000000025b50000,0x0000000025c50000)]
  0x000000001f5ff800 JavaThread "jar transforms Thread 145" [_thread_blocked, id=1028, stack(0x0000000025a50000,0x0000000025b50000)]
  0x000000001f5ff000 JavaThread "jar transforms Thread 144" [_thread_blocked, id=12884, stack(0x0000000025950000,0x0000000025a50000)]
  0x000000001b1b8000 JavaThread "jar transforms Thread 143" [_thread_blocked, id=16692, stack(0x0000000025850000,0x0000000025950000)]
  0x000000001b1b7000 JavaThread "jar transforms Thread 142" [_thread_blocked, id=10888, stack(0x0000000025750000,0x0000000025850000)]
  0x000000001b1b5000 JavaThread "jar transforms Thread 141" [_thread_blocked, id=18776, stack(0x0000000025650000,0x0000000025750000)]
  0x000000001b1b9800 JavaThread "jar transforms Thread 140" [_thread_blocked, id=5564, stack(0x0000000025550000,0x0000000025650000)]
  0x000000001b1b4000 JavaThread "jar transforms Thread 139" [_thread_blocked, id=5096, stack(0x0000000025450000,0x0000000025550000)]
  0x000000001b1b5800 JavaThread "jar transforms Thread 138" [_thread_blocked, id=2348, stack(0x0000000025350000,0x0000000025450000)]
  0x000000001b1b8800 JavaThread "jar transforms Thread 137" [_thread_blocked, id=17836, stack(0x0000000025250000,0x0000000025350000)]
  0x000000001b1b6800 JavaThread "jar transforms Thread 136" [_thread_blocked, id=19128, stack(0x0000000025150000,0x0000000025250000)]
  0x000000001b1ac800 JavaThread "jar transforms Thread 135" [_thread_blocked, id=18940, stack(0x0000000025050000,0x0000000025150000)]
  0x000000001b1b3800 JavaThread "jar transforms Thread 134" [_thread_blocked, id=17804, stack(0x0000000024f50000,0x0000000025050000)]
  0x000000001b1ac000 JavaThread "jar transforms Thread 133" [_thread_blocked, id=12632, stack(0x0000000024e50000,0x0000000024f50000)]
  0x000000001b1b2800 JavaThread "jar transforms Thread 132" [_thread_blocked, id=15588, stack(0x0000000024d50000,0x0000000024e50000)]
  0x000000001b1b2000 JavaThread "jar transforms Thread 131" [_thread_blocked, id=10968, stack(0x0000000024c50000,0x0000000024d50000)]
  0x000000001b1b1000 JavaThread "jar transforms Thread 130" [_thread_blocked, id=14872, stack(0x0000000024b50000,0x0000000024c50000)]
  0x000000001b1ae000 JavaThread "jar transforms Thread 129" [_thread_blocked, id=13760, stack(0x0000000024a50000,0x0000000024b50000)]
  0x000000001b1b0800 JavaThread "jar transforms Thread 128" [_thread_blocked, id=17580, stack(0x0000000024950000,0x0000000024a50000)]
  0x000000001b1ab000 JavaThread "jar transforms Thread 127" [_thread_blocked, id=17764, stack(0x0000000024850000,0x0000000024950000)]
  0x000000001b1aa800 JavaThread "jar transforms Thread 126" [_thread_blocked, id=13620, stack(0x0000000024750000,0x0000000024850000)]
  0x000000001b1af800 JavaThread "jar transforms Thread 125" [_thread_blocked, id=19112, stack(0x0000000024650000,0x0000000024750000)]
  0x000000001b1ad800 JavaThread "jar transforms Thread 124" [_thread_blocked, id=15328, stack(0x0000000024550000,0x0000000024650000)]
  0x000000001b1af000 JavaThread "jar transforms Thread 123" [_thread_blocked, id=8788, stack(0x0000000024450000,0x0000000024550000)]
  0x000000001c29f000 JavaThread "jar transforms Thread 122" [_thread_blocked, id=10296, stack(0x0000000024350000,0x0000000024450000)]
  0x000000001c29e800 JavaThread "jar transforms Thread 121" [_thread_blocked, id=12564, stack(0x0000000024250000,0x0000000024350000)]
  0x000000001c29b800 JavaThread "jar transforms Thread 120" [_thread_blocked, id=3064, stack(0x0000000024150000,0x0000000024250000)]
  0x000000001c2a0800 JavaThread "jar transforms Thread 119" [_thread_blocked, id=1580, stack(0x0000000024050000,0x0000000024150000)]
  0x000000001c29a000 JavaThread "jar transforms Thread 118" [_thread_blocked, id=3340, stack(0x0000000023f50000,0x0000000024050000)]
  0x0000000029aa3000 JavaThread "jar transforms Thread 117" [_thread_blocked, id=1672, stack(0x0000000023e50000,0x0000000023f50000)]
  0x0000000029aa2000 JavaThread "jar transforms Thread 116" [_thread_blocked, id=3140, stack(0x0000000023d50000,0x0000000023e50000)]
  0x0000000029aa1800 JavaThread "jar transforms Thread 115" [_thread_blocked, id=1836, stack(0x0000000023c50000,0x0000000023d50000)]
  0x0000000029aa3800 JavaThread "jar transforms Thread 114" [_thread_blocked, id=17264, stack(0x0000000023b50000,0x0000000023c50000)]
  0x0000000029aa0800 JavaThread "jar transforms Thread 113" [_thread_blocked, id=14316, stack(0x0000000023a50000,0x0000000023b50000)]
  0x0000000029a99000 JavaThread "jar transforms Thread 112" [_thread_blocked, id=3480, stack(0x0000000023950000,0x0000000023a50000)]
  0x0000000029a9d800 JavaThread "jar transforms Thread 111" [_thread_blocked, id=10300, stack(0x0000000023850000,0x0000000023950000)]
  0x0000000029a9b000 JavaThread "jar transforms Thread 110" [_thread_blocked, id=8156, stack(0x0000000023750000,0x0000000023850000)]
  0x0000000029a98000 JavaThread "jar transforms Thread 109" [_thread_blocked, id=12416, stack(0x0000000023650000,0x0000000023750000)]
  0x0000000029a97800 JavaThread "jar transforms Thread 108" [_thread_blocked, id=11748, stack(0x0000000023550000,0x0000000023650000)]
  0x000000001b8bb000 JavaThread "jar transforms Thread 107" [_thread_blocked, id=2580, stack(0x0000000023450000,0x0000000023550000)]
  0x000000001b8b9800 JavaThread "jar transforms Thread 106" [_thread_blocked, id=17484, stack(0x0000000023350000,0x0000000023450000)]
  0x000000001b8ba800 JavaThread "jar transforms Thread 105" [_thread_blocked, id=10380, stack(0x0000000023250000,0x0000000023350000)]
  0x000000001b8b1800 JavaThread "jar transforms Thread 104" [_thread_blocked, id=13308, stack(0x0000000023150000,0x0000000023250000)]
  0x000000001b8b2000 JavaThread "jar transforms Thread 103" [_thread_blocked, id=5952, stack(0x0000000023050000,0x0000000023150000)]
  0x000000001b8b8000 JavaThread "jar transforms Thread 102" [_thread_blocked, id=13196, stack(0x0000000022f50000,0x0000000023050000)]
  0x000000001b8b0800 JavaThread "jar transforms Thread 101" [_thread_blocked, id=17136, stack(0x0000000022e50000,0x0000000022f50000)]
  0x000000001b8b7800 JavaThread "jar transforms Thread 100" [_thread_blocked, id=1800, stack(0x0000000022d50000,0x0000000022e50000)]
  0x000000001b8b6800 JavaThread "jar transforms Thread 99" [_thread_blocked, id=15732, stack(0x0000000022c50000,0x0000000022d50000)]
  0x000000001b8b6000 JavaThread "jar transforms Thread 98" [_thread_blocked, id=16192, stack(0x0000000022b50000,0x0000000022c50000)]
  0x000000001b8b0000 JavaThread "jar transforms Thread 97" [_thread_blocked, id=18584, stack(0x0000000022a50000,0x0000000022b50000)]
  0x000000001b8ae800 JavaThread "jar transforms Thread 96" [_thread_blocked, id=6276, stack(0x0000000022950000,0x0000000022a50000)]
  0x000000001b8af000 JavaThread "jar transforms Thread 95" [_thread_blocked, id=5660, stack(0x0000000022850000,0x0000000022950000)]
  0x000000001b8b5000 JavaThread "jar transforms Thread 94" [_thread_blocked, id=6376, stack(0x0000000022650000,0x0000000022750000)]
  0x000000001b8ad800 JavaThread "jar transforms Thread 93" [_thread_blocked, id=7436, stack(0x0000000022550000,0x0000000022650000)]
  0x000000001b8b4800 JavaThread "Build operations Thread 8" [_thread_blocked, id=5480, stack(0x0000000022450000,0x0000000022550000)]
  0x000000001b8ad000 JavaThread "Build operations Thread 7" [_thread_blocked, id=18984, stack(0x0000000022350000,0x0000000022450000)]
  0x000000001c15b000 JavaThread "Build operations Thread 6" [_thread_blocked, id=8708, stack(0x0000000022250000,0x0000000022350000)]
  0x000000001c158000 JavaThread "Build operations Thread 5" [_thread_blocked, id=19160, stack(0x0000000022150000,0x0000000022250000)]
  0x000000001c15a800 JavaThread "Build operations Thread 4" [_thread_blocked, id=10772, stack(0x0000000022050000,0x0000000022150000)]
  0x000000001c157800 JavaThread "Build operations Thread 3" [_thread_blocked, id=2972, stack(0x0000000021f50000,0x0000000022050000)]
  0x000000001c159800 JavaThread "Build operations Thread 2" [_thread_blocked, id=17576, stack(0x0000000021750000,0x0000000021850000)]
  0x000000001c159000 JavaThread "Build operations" [_thread_blocked, id=12336, stack(0x00000000208f0000,0x00000000209f0000)]
  0x000000001c156800 JavaThread "Cache worker for cache directory md-rule (C:\Users\johns\.gradle\caches\6.5\md-rule)" [_thread_blocked, id=10304, stack(0x000000001e610000,0x000000001e710000)]
  0x000000001c156000 JavaThread "Cache worker for cache directory md-supplier (C:\Users\johns\.gradle\caches\6.5\md-supplier)" [_thread_blocked, id=16736, stack(0x000000001e010000,0x000000001e110000)]
  0x000000001c155000 JavaThread "Cache worker for checksums cache (C:\Users\johns\AndroidStudioProjects\MangMacs\.gradle\checksums)" [_thread_blocked, id=17888, stack(0x000000001df10000,0x000000001e010000)]
  0x000000001c154800 JavaThread "Cache worker for file hash cache (C:\Users\johns\AndroidStudioProjects\MangMacs\.gradle\6.5\fileHashes)" [_thread_blocked, id=11920, stack(0x000000001de10000,0x000000001df10000)]
  0x000000001c150800 JavaThread "Thread-137" [_thread_blocked, id=15972, stack(0x000000001dd10000,0x000000001de10000)]
  0x000000001c153800 JavaThread "Stdin handler" [_thread_blocked, id=13116, stack(0x000000001dc10000,0x000000001dd10000)]
  0x000000001c14c000 JavaThread "Asynchronous log dispatcher for DefaultDaemonConnection: socket connection from /127.0.0.1:51952 to /127.0.0.1:52165" [_thread_blocked, id=1712, stack(0x000000001d3d0000,0x000000001d4d0000)]
  0x000000001c150000 JavaThread "Daemon worker Thread 2" [_thread_in_Java, id=9736, stack(0x000000001d2d0000,0x000000001d3d0000)]
  0x000000001c152000 JavaThread "Cancel handler" [_thread_blocked, id=7244, stack(0x0000000000b10000,0x0000000000c10000)]
  0x000000001c151800 JavaThread "Handler for socket connection from /127.0.0.1:51952 to /127.0.0.1:52165" [_thread_in_native, id=1548, stack(0x0000000000a10000,0x0000000000b10000)]
  0x000000001c153000 JavaThread "Daemon Thread 2" [_thread_blocked, id=5632, stack(0x0000000000910000,0x0000000000a10000)]
  0x000000001b8b9000 JavaThread "Memory manager" [_thread_blocked, id=1084, stack(0x0000000028c50000,0x0000000028d50000)]
  0x000000001c29a800 JavaThread "Cache worker for file content cache (C:\Users\johns\.gradle\caches\6.5\fileContent)" [_thread_blocked, id=8652, stack(0x0000000021850000,0x0000000021950000)]
  0x000000001c29d800 JavaThread "Cache worker for execution history cache (C:\Users\johns\.gradle\caches\6.5\executionHistory)" [_thread_blocked, id=13572, stack(0x0000000021050000,0x0000000021150000)]
  0x000000001c29d000 JavaThread "Cache worker for file hash cache (C:\Users\johns\.gradle\caches\6.5\fileHashes)" [_thread_blocked, id=10964, stack(0x000000001e510000,0x000000001e610000)]
  0x000000001c2a0000 JavaThread "File lock request listener" [_thread_in_native, id=14444, stack(0x000000001e410000,0x000000001e510000)]
  0x000000001c00f800 JavaThread "Cache worker for journal cache (C:\Users\johns\.gradle\caches\journal-1)" [_thread_blocked, id=13504, stack(0x000000001e310000,0x000000001e410000)]
  0x000000001bf8d800 JavaThread "Daemon periodic checks" [_thread_blocked, id=18392, stack(0x000000001d710000,0x000000001d810000)]
  0x000000001bf47000 JavaThread "Incoming local TCP Connector on port 51952" [_thread_in_native, id=6228, stack(0x000000001d4d0000,0x000000001d5d0000)]
  0x000000001be81800 JavaThread "Daemon health stats" [_thread_blocked, id=17188, stack(0x000000001ce90000,0x000000001cf90000)]
  0x00000000196c5800 JavaThread "Service Thread" daemon [_thread_blocked, id=16616, stack(0x000000001a2f0000,0x000000001a3f0000)]
  0x0000000019636000 JavaThread "C1 CompilerThread3" daemon [_thread_blocked, id=16896, stack(0x000000001a1f0000,0x000000001a2f0000)]
  0x000000001780d800 JavaThread "C2 CompilerThread2" daemon [_thread_in_native, id=7444, stack(0x000000001a0f0000,0x000000001a1f0000)]
  0x000000001962f000 JavaThread "C2 CompilerThread1" daemon [_thread_in_native, id=11200, stack(0x0000000019ff0000,0x000000001a0f0000)]
=>0x0000000019620800 JavaThread "C2 CompilerThread0" daemon [_thread_in_native, id=12508, stack(0x0000000019ef0000,0x0000000019ff0000)]
  0x0000000019620000 JavaThread "Attach Listener" daemon [_thread_blocked, id=7256, stack(0x0000000019df0000,0x0000000019ef0000)]
  0x000000001961f000 JavaThread "Signal Dispatcher" daemon [_thread_blocked, id=19152, stack(0x0000000019cf0000,0x0000000019df0000)]
  0x0000000019610800 JavaThread "Finalizer" daemon [_thread_blocked, id=15820, stack(0x0000000019af0000,0x0000000019bf0000)]
  0x0000000002788000 JavaThread "Reference Handler" daemon [_thread_blocked, id=8352, stack(0x00000000199f0000,0x0000000019af0000)]
  0x000000000268d800 JavaThread "main" [_thread_blocked, id=13792, stack(0x0000000002530000,0x0000000002630000)]

Other Threads:
  0x00000000177f6800 VMThread [stack: 0x00000000194f0000,0x00000000195f0000] [id=17700]
  0x00000000196c6000 WatcherThread [stack: 0x000000001a3f0000,0x000000001a4f0000] [id=8596]

VM state:not at safepoint (normal execution)

VM Mutex/Monitor currently owned by a thread:  ([mutex/lock_event])
[0x0000000002690550] CompiledIC_lock - owner thread: 0x0000000000000000

heap address: 0x0000000080000000, size: 2048 MB, Compressed Oops mode: 32-bit
Narrow klass base: 0x0000000000000000, Narrow klass shift: 3
Compressed class space size: 1073741824 Address: 0x0000000100000000

Heap:
 PSYoungGen      total 570368K, used 463099K [0x00000000d5580000, 0x0000000100000000, 0x0000000100000000)
  eden space 455680K, 76% used [0x00000000d5580000,0x00000000ea9c2ec8,0x00000000f1280000)
  from space 114688K, 99% used [0x00000000f1280000,0x00000000f827be30,0x00000000f8280000)
  to   space 128512K, 0% used [0x00000000f8280000,0x00000000f8280000,0x0000000100000000)
 ParOldGen       total 223232K, used 159772K [0x0000000080000000, 0x000000008da00000, 0x00000000d5580000)
  object space 223232K, 71% used [0x0000000080000000,0x0000000089c07070,0x000000008da00000)
 Metaspace       used 84945K, capacity 89664K, committed 90648K, reserved 1128448K
  class space    used 11258K, capacity 12101K, committed 12592K, reserved 1048576K

Card table byte_map: [0x0000000011b50000,0x0000000011f60000] byte_map_base: 0x0000000011750000

Marking Bits: (ParMarkBitMap*) 0x000000005ebef030
 Begin Bits: [0x0000000012a10000, 0x0000000014a10000)
 End Bits:   [0x0000000014a10000, 0x0000000016a10000)

Polling page: 0x0000000000c30000

CodeCache: size=245760Kb used=48193Kb max_used=48465Kb free=197566Kb
 bounds [0x0000000002790000, 0x0000000005720000, 0x0000000011790000]
 total_blobs=14629 nmethods=13796 adapters=742
 compilation: enabled

Compilation events (10 events):
Event: 184.190 Thread 0x0000000019636000 17236       1       org.gradle.api.internal.provider.ValueSupplier$Missing::orNull (2 bytes)
Event: 184.190 Thread 0x0000000019636000 nmethod 17236 0x0000000004bf9590 code [0x0000000004bf96e0, 0x0000000004bf97f0]
Event: 184.223 Thread 0x0000000019636000 17237       3       java.lang.Enum::valueOf (73 bytes)
Event: 184.228 Thread 0x0000000019636000 nmethod 17237 0x0000000004e13c90 code [0x0000000004e13ee0, 0x0000000004e14d18]
Event: 184.231 Thread 0x0000000019636000 17238       3       sun.reflect.Label::<init> (16 bytes)
Event: 184.233 Thread 0x0000000019636000 nmethod 17238 0x0000000004e13590 code [0x0000000004e13720, 0x0000000004e13ad0]
Event: 184.233 Thread 0x0000000019636000 17239       3       sun.reflect.Label::bind (74 bytes)
Event: 184.234 Thread 0x0000000019636000 nmethod 17239 0x0000000004e128d0 code [0x0000000004e12aa0, 0x0000000004e13218]
Event: 184.246 Thread 0x0000000019636000 17241       3       org.gradle.api.internal.project.DefaultProject_Decorated::getObjects (32 bytes)
Event: 184.247 Thread 0x0000000019636000 nmethod 17241 0x0000000004e12250 code [0x0000000004e123c0, 0x0000000004e127e8]

GC Heap History (10 events):
Event: 41.355 GC heap before
{Heap before GC invocations=38 (full 5):
 PSYoungGen      total 564736K, used 448512K [0x00000000d5580000, 0x0000000100000000, 0x0000000100000000)
  eden space 440832K, 100% used [0x00000000d5580000,0x00000000f0400000,0x00000000f0400000)
  from space 123904K, 6% used [0x00000000f7f00000,0x00000000f8680010,0x00000000ff800000)
  to   space 125952K, 0% used [0x00000000f0400000,0x00000000f0400000,0x00000000f7f00000)
 ParOldGen       total 223232K, used 137415K [0x0000000080000000, 0x000000008da00000, 0x00000000d5580000)
  object space 223232K, 61% used [0x0000000080000000,0x0000000088631d90,0x000000008da00000)
 Metaspace       used 76349K, capacity 80520K, committed 82456K, reserved 1120256K
  class space    used 10366K, capacity 11131K, committed 11824K, reserved 1048576K
Event: 41.377 GC heap after
Heap after GC invocations=38 (full 5):
 PSYoungGen      total 566784K, used 11392K [0x00000000d5580000, 0x0000000100000000, 0x0000000100000000)
  eden space 440832K, 0% used [0x00000000d5580000,0x00000000d5580000,0x00000000f0400000)
  from space 125952K, 9% used [0x00000000f0400000,0x00000000f0f20010,0x00000000f7f00000)
  to   space 125440K, 0% used [0x00000000f8580000,0x00000000f8580000,0x0000000100000000)
 ParOldGen       total 223232K, used 137415K [0x0000000080000000, 0x000000008da00000, 0x00000000d5580000)
  object space 223232K, 61% used [0x0000000080000000,0x0000000088631d90,0x000000008da00000)
 Metaspace       used 76349K, capacity 80520K, committed 82456K, reserved 1120256K
  class space    used 10366K, capacity 11131K, committed 11824K, reserved 1048576K
}
Event: 42.781 GC heap before
{Heap before GC invocations=39 (full 5):
 PSYoungGen      total 566784K, used 452224K [0x00000000d5580000, 0x0000000100000000, 0x0000000100000000)
  eden space 440832K, 100% used [0x00000000d5580000,0x00000000f0400000,0x00000000f0400000)
  from space 125952K, 9% used [0x00000000f0400000,0x00000000f0f20010,0x00000000f7f00000)
  to   space 125440K, 0% used [0x00000000f8580000,0x00000000f8580000,0x0000000100000000)
 ParOldGen       total 223232K, used 137415K [0x0000000080000000, 0x000000008da00000, 0x00000000d5580000)
  object space 223232K, 61% used [0x0000000080000000,0x0000000088631d90,0x000000008da00000)
 Metaspace       used 76350K, capacity 80520K, committed 82456K, reserved 1120256K
  class space    used 10367K, capacity 11131K, committed 11824K, reserved 1048576K
Event: 42.809 GC heap after
Heap after GC invocations=39 (full 5):
 PSYoungGen      total 568320K, used 15392K [0x00000000d5580000, 0x00000000ffb80000, 0x0000000100000000)
  eden space 447488K, 0% used [0x00000000d5580000,0x00000000d5580000,0x00000000f0a80000)
  from space 120832K, 12% used [0x00000000f8580000,0x00000000f9488028,0x00000000ffb80000)
  to   space 123392K, 0% used [0x00000000f0a80000,0x00000000f0a80000,0x00000000f8300000)
 ParOldGen       total 223232K, used 137415K [0x0000000080000000, 0x000000008da00000, 0x00000000d5580000)
  object space 223232K, 61% used [0x0000000080000000,0x0000000088631d90,0x000000008da00000)
 Metaspace       used 76350K, capacity 80520K, committed 82456K, reserved 1120256K
  class space    used 10367K, capacity 11131K, committed 11824K, reserved 1048576K
}
Event: 44.154 GC heap before
{Heap before GC invocations=40 (full 5):
 PSYoungGen      total 568320K, used 462880K [0x00000000d5580000, 0x00000000ffb80000, 0x0000000100000000)
  eden space 447488K, 100% used [0x00000000d5580000,0x00000000f0a80000,0x00000000f0a80000)
  from space 120832K, 12% used [0x00000000f8580000,0x00000000f9488028,0x00000000ffb80000)
  to   space 123392K, 0% used [0x00000000f0a80000,0x00000000f0a80000,0x00000000f8300000)
 ParOldGen       total 223232K, used 137415K [0x0000000080000000, 0x000000008da00000, 0x00000000d5580000)
  object space 223232K, 61% used [0x0000000080000000,0x0000000088631d90,0x000000008da00000)
 Metaspace       used 76352K, capacity 80524K, committed 82456K, reserved 1120256K
  class space    used 10367K, capacity 11131K, committed 11824K, reserved 1048576K
Event: 44.183 GC heap after
Heap after GC invocations=40 (full 5):
 PSYoungGen      total 570880K, used 21072K [0x00000000d5580000, 0x00000000ffb80000, 0x0000000100000000)
  eden space 447488K, 0% used [0x00000000d5580000,0x00000000d5580000,0x00000000f0a80000)
  from space 123392K, 17% used [0x00000000f0a80000,0x00000000f1f14028,0x00000000f8300000)
  to   space 119808K, 0% used [0x00000000f8680000,0x00000000f8680000,0x00000000ffb80000)
 ParOldGen       total 223232K, used 137415K [0x0000000080000000, 0x000000008da00000, 0x00000000d5580000)
  object space 223232K, 61% used [0x0000000080000000,0x0000000088631d90,0x000000008da00000)
 Metaspace       used 76352K, capacity 80524K, committed 82456K, reserved 1120256K
  class space    used 10367K, capacity 11131K, committed 11824K, reserved 1048576K
}
Event: 46.807 GC heap before
{Heap before GC invocations=41 (full 5):
 PSYoungGen      total 570880K, used 465960K [0x00000000d5580000, 0x00000000ffb80000, 0x0000000100000000)
  eden space 447488K, 99% used [0x00000000d5580000,0x00000000f07f6048,0x00000000f0a80000)
  from space 123392K, 17% used [0x00000000f0a80000,0x00000000f1f14028,0x00000000f8300000)
  to   space 119808K, 0% used [0x00000000f8680000,0x00000000f8680000,0x00000000ffb80000)
 ParOldGen       total 223232K, used 137415K [0x0000000080000000, 0x000000008da00000, 0x00000000d5580000)
  object space 223232K, 61% used [0x0000000080000000,0x0000000088631d90,0x000000008da00000)
 Metaspace       used 76370K, capacity 80524K, committed 82456K, reserved 1120256K
  class space    used 10367K, capacity 11131K, committed 11824K, reserved 1048576K
Event: 46.840 GC heap after
Heap after GC invocations=41 (full 5):
 PSYoungGen      total 566272K, used 27109K [0x00000000d5580000, 0x00000000ff280000, 0x0000000100000000)
  eden space 455680K, 0% used [0x00000000d5580000,0x00000000d5580000,0x00000000f1280000)
  from space 110592K, 24% used [0x00000000f8680000,0x00000000fa0f9400,0x00000000ff280000)
  to   space 114688K, 0% used [0x00000000f1280000,0x00000000f1280000,0x00000000f8280000)
 ParOldGen       total 223232K, used 137423K [0x0000000080000000, 0x000000008da00000, 0x00000000d5580000)
  object space 223232K, 61% used [0x0000000080000000,0x0000000088633d90,0x000000008da00000)
 Metaspace       used 76370K, capacity 80524K, committed 82456K, reserved 1120256K
  class space    used 10367K, capacity 11131K, committed 11824K, reserved 1048576K
}
Event: 50.708 GC heap before
{Heap before GC invocations=42 (full 5):
 PSYoungGen      total 566272K, used 482789K [0x00000000d5580000, 0x00000000ff280000, 0x0000000100000000)
  eden space 455680K, 100% used [0x00000000d5580000,0x00000000f1280000,0x00000000f1280000)
  from space 110592K, 24% used [0x00000000f8680000,0x00000000fa0f9400,0x00000000ff280000)
  to   space 114688K, 0% used [0x00000000f1280000,0x00000000f1280000,0x00000000f8280000)
 ParOldGen       total 223232K, used 137423K [0x0000000080000000, 0x000000008da00000, 0x00000000d5580000)
  object space 223232K, 61% used [0x0000000080000000,0x0000000088633d90,0x000000008da00000)
 Metaspace       used 77548K, capacity 82006K, committed 83608K, reserved 1120256K
  class space    used 10504K, capacity 11300K, committed 11952K, reserved 1048576K
Event: 50.927 GC heap after
Heap after GC invocations=42 (full 5):
 PSYoungGen      total 570368K, used 114671K [0x00000000d5580000, 0x0000000100000000, 0x0000000100000000)
  eden space 455680K, 0% used [0x00000000d5580000,0x00000000d5580000,0x00000000f1280000)
  from space 114688K, 99% used [0x00000000f1280000,0x00000000f827be30,0x00000000f8280000)
  to   space 128512K, 0% used [0x00000000f8280000,0x00000000f8280000,0x0000000100000000)
 ParOldGen       total 223232K, used 159772K [0x0000000080000000, 0x000000008da00000, 0x00000000d5580000)
  object space 223232K, 71% used [0x0000000080000000,0x0000000089c07070,0x000000008da00000)
 Metaspace       used 77548K, capacity 82006K, committed 83608K, reserved 1120256K
  class space    used 10504K, capacity 11300K, committed 11952K, reserved 1048576K
}

Deoptimization events (10 events):
Event: 183.754 Thread 0x000000001c150000 Uncommon trap: reason=bimorphic action=maybe_recompile pc=0x000000000551a58c method=org.gradle.api.internal.attributes.DefaultAttributesSchema$MergedSchema.matchValue(Lorg/gradle/api/attributes/Attribute;Ljava/lang/Object;Ljava/lang/Object;)Z @ 2
Event: 183.754 Thread 0x000000001c150000 Uncommon trap: reason=bimorphic action=maybe_recompile pc=0x000000000551a58c method=org.gradle.api.internal.attributes.DefaultAttributesSchema$MergedSchema.matchValue(Lorg/gradle/api/attributes/Attribute;Ljava/lang/Object;Ljava/lang/Object;)Z @ 2
Event: 183.857 Thread 0x000000001c150000 Uncommon trap: reason=class_check action=maybe_recompile pc=0x0000000003ea6010 method=org.gradle.internal.vfs.impl.DefaultVirtualFileSystem.readLocation(Ljava/lang/String;)Lorg/gradle/internal/snapshot/CompleteFileSystemLocationSnapshot; @ 8
Event: 183.861 Thread 0x000000001c150000 Uncommon trap: reason=bimorphic action=maybe_recompile pc=0x0000000003ea603c method=org.gradle.internal.vfs.impl.DefaultVirtualFileSystem.read(Ljava/lang/String;Ljava/util/function/Function;)Ljava/lang/Object; @ 6
Event: 183.863 Thread 0x000000001c150000 Uncommon trap: reason=bimorphic action=maybe_recompile pc=0x0000000003ea603c method=org.gradle.internal.vfs.impl.DefaultVirtualFileSystem.read(Ljava/lang/String;Ljava/util/function/Function;)Ljava/lang/Object; @ 6
Event: 183.867 Thread 0x000000001c150000 Uncommon trap: reason=bimorphic action=maybe_recompile pc=0x0000000003ea603c method=org.gradle.internal.vfs.impl.DefaultVirtualFileSystem.read(Ljava/lang/String;Ljava/util/function/Function;)Ljava/lang/Object; @ 6
Event: 183.868 Thread 0x000000001c150000 Uncommon trap: reason=bimorphic action=maybe_recompile pc=0x0000000003ea603c method=org.gradle.internal.vfs.impl.DefaultVirtualFileSystem.read(Ljava/lang/String;Ljava/util/function/Function;)Ljava/lang/Object; @ 6
Event: 183.978 Thread 0x000000001c150800 Uncommon trap: reason=unstable_if action=reinterpret pc=0x0000000004d9f7e8 method=java.io.ObjectOutputStream.writeOrdinaryObject(Ljava/lang/Object;Ljava/io/ObjectStreamClass;Z)V @ 113
Event: 183.989 Thread 0x000000001c150000 Uncommon trap: reason=class_check action=maybe_recompile pc=0x0000000003ea9cd4 method=com.google.common.cache.LocalCache$LoadingValueReference.loadFuture(Ljava/lang/Object;Lcom/google/common/cache/CacheLoader;)Lcom/google/common/util/concurrent/Listenable
Event: 183.998 Thread 0x000000001c150000 Uncommon trap: reason=class_check action=maybe_recompile pc=0x0000000003d6decc method=com.google.common.cache.LocalCache$LoadingValueReference.loadFuture(Ljava/lang/Object;Lcom/google/common/cache/CacheLoader;)Lcom/google/common/util/concurrent/Listenable

Classes redefined (0 events):
No events

Internal exceptions (10 events):
Event: 52.111 Thread 0x0000000029a9e000 Exception <a 'sun/nio/fs/WindowsException'> (0x00000000dc159480) thrown at [C:\src\AOSP-openjdk-git\hotspot\src\share\vm\prims\jni.cpp, line 710]
Event: 52.188 Thread 0x000000001c041000 Exception <a 'java/lang/NoSuchMethodError': <clinit>> (0x00000000dc5f86c0) thrown at [C:\src\AOSP-openjdk-git\hotspot\src\share\vm\prims\jni.cpp, line 1615]
Event: 52.892 Thread 0x000000001b8b6800 Exception <a 'java/lang/NoSuchMethodError': <clinit>> (0x00000000df87bd10) thrown at [C:\src\AOSP-openjdk-git\hotspot\src\share\vm\prims\jni.cpp, line 1615]
Event: 52.921 Thread 0x0000000029a98000 Exception <a 'java/lang/NoSuchMethodError': java.lang.Object.lambda$asRunnable$0(Lcom/android/tools/build/apkzlib/utils/IOExceptionRunnable;)V> (0x00000000dc3a1860) thrown at [C:\src\AOSP-openjdk-git\hotspot\src\share\vm\interpreter\linkResolver.cpp, line
Event: 53.001 Thread 0x0000000029a98000 Exception <a 'java/lang/NoSuchMethodError': java.lang.Object.newSystemTemporaryDirectory()Lcom/android/tools/build/apkzlib/bytestorage/TemporaryDirectory;> (0x00000000dfae40d8) thrown at [C:\src\AOSP-openjdk-git\hotspot\src\share\vm\interpreter\linkResolv
Event: 53.063 Thread 0x0000000029a98000 Exception <a 'sun/nio/fs/WindowsException'> (0x00000000dfcb07d0) thrown at [C:\src\AOSP-openjdk-git\hotspot\src\share\vm\prims\jni.cpp, line 710]
Event: 53.063 Thread 0x0000000029a98000 Exception <a 'sun/nio/fs/WindowsException'> (0x00000000dfcb0c18) thrown at [C:\src\AOSP-openjdk-git\hotspot\src\share\vm\prims\jni.cpp, line 710]
Event: 53.074 Thread 0x0000000029a98000 Exception <a 'java/lang/NoSuchMethodError': java.lang.Object.lambda$static$0(Lcom/android/apksig/util/RunnablesProvider;)V> (0x00000000dfd370c8) thrown at [C:\src\AOSP-openjdk-git\hotspot\src\share\vm\interpreter\linkResolver.cpp, line 620]
Event: 53.654 Thread 0x000000001bfcd000 Implicit null exception at 0x0000000003e3f0ec to 0x0000000003e3f135
Event: 53.695 Thread 0x000000001bfcd000 Implicit null exception at 0x0000000002b612e7 to 0x0000000002b61795

Events (10 events):
Event: 184.193 Executing VM operation: RevokeBias
Event: 184.194 Executing VM operation: RevokeBias done
Event: 184.196 Executing VM operation: RevokeBias
Event: 184.196 Executing VM operation: RevokeBias done
Event: 184.197 Executing VM operation: RevokeBias
Event: 184.197 Executing VM operation: RevokeBias done
Event: 184.206 Executing VM operation: RevokeBias
Event: 184.207 Executing VM operation: RevokeBias done
Event: 184.235 Executing VM operation: RevokeBias
Event: 184.235 Executing VM operation: RevokeBias done


Dynamic libraries:
0x00007ff610050000 - 0x00007ff610081000 	C:\Program Files\Android\Android Studio\jre\bin\java.exe
0x00007ffde60d0000 - 0x00007ffde62c5000 	C:\WINDOWS\SYSTEM32\ntdll.dll
0x00007ffde4ca0000 - 0x00007ffde4d5e000 	C:\WINDOWS\System32\KERNEL32.DLL
0x00007ffde3b20000 - 0x00007ffde3de8000 	C:\WINDOWS\System32\KERNELBASE.dll
0x00007ffde5ed0000 - 0x00007ffde5f7e000 	C:\WINDOWS\System32\ADVAPI32.dll
0x00007ffde4d60000 - 0x00007ffde4dfe000 	C:\WINDOWS\System32\msvcrt.dll
0x00007ffde4a30000 - 0x00007ffde4acc000 	C:\WINDOWS\System32\sechost.dll
0x00007ffde5da0000 - 0x00007ffde5ec5000 	C:\WINDOWS\System32\RPCRT4.dll
0x00007ffde4b00000 - 0x00007ffde4ca0000 	C:\WINDOWS\System32\USER32.dll
0x00007ffde3df0000 - 0x00007ffde3e12000 	C:\WINDOWS\System32\win32u.dll
0x00007ffde5d60000 - 0x00007ffde5d8b000 	C:\WINDOWS\System32\GDI32.dll
0x00007ffde3a10000 - 0x00007ffde3b1d000 	C:\WINDOWS\System32\gdi32full.dll
0x00007ffde38c0000 - 0x00007ffde395d000 	C:\WINDOWS\System32\msvcp_win.dll
0x00007ffde4020000 - 0x00007ffde4120000 	C:\WINDOWS\System32\ucrtbase.dll
0x00007ffdd0090000 - 0x00007ffdd032a000 	C:\WINDOWS\WinSxS\amd64_microsoft.windows.common-controls_6595b64144ccf1df_6.0.19041.1110_none_60b5254171f9507e\COMCTL32.dll
0x00007ffde4ad0000 - 0x00007ffde4b00000 	C:\WINDOWS\System32\IMM32.DLL
0x000000005e260000 - 0x000000005e332000 	C:\Program Files\Android\Android Studio\jre\jre\bin\msvcr100.dll
0x000000005e420000 - 0x000000005ec6b000 	C:\Program Files\Android\Android Studio\jre\jre\bin\server\jvm.dll
0x00007ffde4120000 - 0x00007ffde4128000 	C:\WINDOWS\System32\PSAPI.DLL
0x00007ffddb1a0000 - 0x00007ffddb1c7000 	C:\WINDOWS\SYSTEM32\WINMM.dll
0x00007ffddb190000 - 0x00007ffddb19a000 	C:\WINDOWS\SYSTEM32\VERSION.dll
0x00007ffdd04f0000 - 0x00007ffdd04f9000 	C:\WINDOWS\SYSTEM32\WSOCK32.dll
0x00007ffde5700000 - 0x00007ffde576b000 	C:\WINDOWS\System32\WS2_32.dll
0x00007ffdc9b60000 - 0x00007ffdc9b6f000 	C:\Program Files\Android\Android Studio\jre\jre\bin\verify.dll
0x00007ffdc3b10000 - 0x00007ffdc3b39000 	C:\Program Files\Android\Android Studio\jre\jre\bin\java.dll
0x00007ffdc39f0000 - 0x00007ffdc3a06000 	C:\Program Files\Android\Android Studio\jre\jre\bin\zip.dll
0x00007ffde4e80000 - 0x00007ffde55c4000 	C:\WINDOWS\System32\SHELL32.dll
0x00007ffde18d0000 - 0x00007ffde2064000 	C:\WINDOWS\SYSTEM32\windows.storage.dll
0x00007ffde5770000 - 0x00007ffde5ac5000 	C:\WINDOWS\System32\combase.dll
0x00007ffde31c0000 - 0x00007ffde31ee000 	C:\WINDOWS\SYSTEM32\Wldp.dll
0x00007ffde5fe0000 - 0x00007ffde608d000 	C:\WINDOWS\System32\SHCORE.dll
0x00007ffde44f0000 - 0x00007ffde4545000 	C:\WINDOWS\System32\shlwapi.dll
0x00007ffde3720000 - 0x00007ffde373f000 	C:\WINDOWS\SYSTEM32\profapi.dll
0x00007ffdc3bb0000 - 0x00007ffdc3bca000 	C:\Program Files\Android\Android Studio\jre\jre\bin\net.dll
0x00007ffde2f20000 - 0x00007ffde2f8a000 	C:\WINDOWS\system32\mswsock.dll
0x00007ffdc35b0000 - 0x00007ffdc35c3000 	C:\Program Files\Android\Android Studio\jre\jre\bin\nio.dll
0x00007ffdc3ca0000 - 0x00007ffdc3cc7000 	C:\Users\johns\.gradle\native\f6784746aeab05261644944871eae4fe03e0ef1612fff0a4a95f87b438bc6780\windows-amd64\native-platform.dll
0x00007ffdc9a60000 - 0x00007ffdc9a6d000 	C:\Program Files\Android\Android Studio\jre\jre\bin\management.dll
0x00007ffde3120000 - 0x00007ffde3138000 	C:\WINDOWS\SYSTEM32\CRYPTSP.dll
0x00007ffde2840000 - 0x00007ffde2874000 	C:\WINDOWS\system32\rsaenh.dll
0x00007ffde3ff0000 - 0x00007ffde4017000 	C:\WINDOWS\System32\bcrypt.dll
0x00007ffde36e0000 - 0x00007ffde370e000 	C:\WINDOWS\SYSTEM32\USERENV.dll
0x00007ffde3830000 - 0x00007ffde38b2000 	C:\WINDOWS\System32\bcryptprimitives.dll
0x00007ffde3110000 - 0x00007ffde311c000 	C:\WINDOWS\SYSTEM32\CRYPTBASE.dll
0x00007ffde2bb0000 - 0x00007ffde2beb000 	C:\WINDOWS\SYSTEM32\IPHLPAPI.DLL
0x00007ffde5d90000 - 0x00007ffde5d98000 	C:\WINDOWS\System32\NSI.dll
0x00007ffddb170000 - 0x00007ffddb187000 	C:\WINDOWS\SYSTEM32\dhcpcsvc6.DLL
0x00007ffddd090000 - 0x00007ffddd0ad000 	C:\WINDOWS\SYSTEM32\dhcpcsvc.DLL
0x00007ffde2c50000 - 0x00007ffde2d1b000 	C:\WINDOWS\SYSTEM32\DNSAPI.dll
0x00007ffddd490000 - 0x00007ffddd49b000 	C:\WINDOWS\SYSTEM32\WINNSI.DLL

VM Arguments:
jvm_args: -Xmx2048m -Dfile.encoding=UTF-8 -Duser.country=PH -Duser.language=en -Duser.variant 
java_command: org.gradle.launcher.daemon.bootstrap.GradleDaemon 6.5
java_class_path (initial): C:\Users\johns\.gradle\wrapper\dists\gradle-6.5-bin\6nifqtx7604sqp1q6g8wikw7p\gradle-6.5\lib\gradle-launcher-6.5.jar
Launcher Type: SUN_STANDARD

Environment Variables:
PATH=C:\WINDOWS\system32;C:\WINDOWS;C:\WINDOWS\System32\Wbem;C:\WINDOWS\System32\WindowsPowerShell\v1.0\;C:\WINDOWS\System32\OpenSSH\;C:\xampp\php;C:\ProgramData\ComposerSetup\bin;C:\Program Files\Git\cmd;C:\Program Files\Git\mingw64\bin;C:\Program Files\Git\usr\bin;C:\Users\johns\AppData\Local\Microsoft\WindowsApps;;C:\Users\johns\AppData\Local\Programs\Microsoft VS Code\bin;C:\Users\johns\AppData\Roaming\Composer\vendor\bin
USERNAME=johns
OS=Windows_NT
PROCESSOR_IDENTIFIER=AMD64 Family 23 Model 24 Stepping 1, AuthenticAMD



---------------  S Y S T E M  ---------------

OS: Windows 10.0 , 64 bit Build 19041 (10.0.19041.1503)

CPU:total 8 (initial active 8) (8 cores per cpu, 1 threads per core) family 23 model 24 stepping 1, cmov, cx8, fxsr, mmx, sse, sse2, sse3, ssse3, sse4.1, sse4.2, popcnt, avx, avx2, aes, clmul, mmxext, 3dnowpref, lzcnt, sse4a, tsc, tscinvbit, tscinv, bmi1

Memory: 4k page, physical 3999684k(282316k free), swap 16058308k(6068k free)

vm_info: OpenJDK 64-Bit Server VM (25.242-b01) for windows-amd64 JRE (1.8.0_242-release-1644-b01), built by "builder" with MS VC++ 10.0 (VS2010)

time: Fri Feb 25 19:38:05 2022
timezone: Malay Peninsula Standard Time
elapsed time: 184 seconds (0d 0h 3m 4s)

